  main.cpp
c:\program files (x86)\amd app sdk\3.0\include\cl\cl.hpp(4240): warning C4996: 'clCreateSampler': was declared deprecated
  c:\program files (x86)\amd app sdk\3.0\include\cl\cl.h(1366): note: see declaration of 'clCreateSampler'
c:\program files (x86)\amd app sdk\3.0\include\cl\cl.hpp(5084): warning C4996: 'clCreateCommandQueue': was declared deprecated
  c:\program files (x86)\amd app sdk\3.0\include\cl\cl.h(1359): note: see declaration of 'clCreateCommandQueue'
c:\program files (x86)\amd app sdk\3.0\include\cl\cl.hpp(5101): warning C4996: 'clCreateCommandQueue': was declared deprecated
  c:\program files (x86)\amd app sdk\3.0\include\cl\cl.h(1359): note: see declaration of 'clCreateCommandQueue'
c:\program files (x86)\amd app sdk\3.0\include\cl\cl.hpp(5878): warning C4996: 'clEnqueueTask': was declared deprecated
  c:\program files (x86)\amd app sdk\3.0\include\cl\cl.h(1373): note: see declaration of 'clEnqueueTask'
d:\c++\ray tracer opencl\ray tracer opencl\main.cpp(53): warning C4018: '>': signed/unsigned mismatch
d:\c++\ray tracer opencl\ray tracer opencl\main.cpp(72): warning C4018: '>': signed/unsigned mismatch
d:\c++\ray tracer opencl\ray tracer opencl\main.cpp(90): warning C4477: 'fprintf' : format string '%s' requires an argument of type 'char *', but variadic argument 1 has type 'std::string'
d:\c++\ray tracer opencl\ray tracer opencl\main.cpp(89): warning C4996: 'fopen': This function or variable may be unsafe. Consider using fopen_s instead. To disable deprecation, use _CRT_SECURE_NO_WARNINGS. See online help for details.
  c:\program files (x86)\windows kits\10\include\10.0.17134.0\ucrt\stdio.h(208): note: see declaration of 'fopen'
d:\c++\ray tracer opencl\ray tracer opencl\main.cpp(102): warning C4018: '<': signed/unsigned mismatch
d:\c++\ray tracer opencl\ray tracer opencl\main.cpp(115): warning C4018: '<': signed/unsigned mismatch
d:\c++\ray tracer opencl\ray tracer opencl\main.cpp(306): warning C4326: return type of 'main' should be 'int' instead of 'void'
  Generating code
  2 of 644 functions ( 0.3%) were compiled, the rest were copied from previous compilation.
    0 functions were new in current compilation
    0 functions had inline decision re-evaluated but remain unchanged
  Finished generating code
  Ray tracer OpenCL.vcxproj -> D:\C++\Ray tracer OpenCL\Release\Ray tracer OpenCL.exe
